[2023-02-09 00:13:17] local.ERROR: View [pages.welcome] not found. {"exception":"[object] (InvalidArgumentException(code: 0): View [pages.welcome] not found. at D:\\Bina Nusantara\\Semester 5\\3. Web Programming\\Lec WP\\Final Exam WebProg\\AmazingE-Grocery\\vendor\\laravel\\framework\\src\\Illuminate\\View\\FileViewFinder.php:137)
[stacktrace]
#0 D:\\Bina Nusantara\\Semester 5\\3. Web Programming\\Lec WP\\Final Exam WebProg\\AmazingE-Grocery\\vendor\\laravel\\framework\\src\\Illuminate\\View\\FileViewFinder.php(79): Illuminate\\View\\FileViewFinder->findInPaths('pages.welcome', Array)
#1 D:\\Bina Nusantara\\Semester 5\\3. Web Programming\\Lec WP\\Final Exam WebProg\\AmazingE-Grocery\\vendor\\laravel\\framework\\src\\Illuminate\\View\\Factory.php(138): Illuminate\\View\\FileViewFinder->find('pages.welcome')
#2 D:\\Bina Nusantara\\Semester 5\\3. Web Programming\\Lec WP\\Final Exam WebProg\\AmazingE-Grocery\\vendor\\laravel\\framework\\src\\Illuminate\\Foundation\\helpers.php(932): Illuminate\\View\\Factory->make('pages.welcome', Array, Array)
#3 D:\\Bina Nusantara\\Semester 5\\3. Web Programming\\Lec WP\\Final Exam WebProg\\AmazingE-Grocery\\app\\Http\\Controllers\\WelcomeController.php(12): view('pages.welcome', Array)
#4 D:\\Bina Nusantara\\Semester 5\\3. Web Programming\\Lec WP\\Final Exam WebProg\\AmazingE-Grocery\\vendor\\laravel\\framework\\src\\Illuminate\\Routing\\Controller.php(54): App\\Http\\Controllers\\WelcomeController->welcome()
#5 D:\\Bina Nusantara\\Semester 5\\3. Web Programming\\Lec WP\\Final Exam WebProg\\AmazingE-Grocery\\vendor\\laravel\\framework\\src\\Illuminate\\Routing\\ControllerDispatcher.php(45): Illuminate\\Routing\\Controller->callAction('welcome', Array)
#6 D:\\Bina Nusantara\\Semester 5\\3. Web Programming\\Lec WP\\Final Exam WebProg\\AmazingE-Grocery\\vendor\\laravel\\framework\\src\\Illuminate\\Routing\\Route.php(262): Illuminate\\Routing\\ControllerDispatcher->dispatch(Object(Illuminate\\Routing\\Route), Object(App\\Http\\Controllers\\WelcomeController), 'welcome')
#7 D:\\Bina Nusantara\\Semester 5\\3. Web Programming\\Lec WP\\Final Exam WebProg\\AmazingE-Grocery\\vendor\\laravel\\framework\\src\\Illuminate\\Routing\\Route.php(205): Illuminate\\Routing\\Route->runController()
#8 D:\\Bina Nusantara\\Semester 5\\3. Web Programming\\Lec WP\\Final Exam WebProg\\AmazingE-Grocery\\vendor\\laravel\\framework\\src\\Illuminate\\Routing\\Router.php(721): Illuminate\\Routing\\Route->run()
#9 D:\\Bina Nusantara\\Semester 5\\3. Web Programming\\Lec WP\\Final Exam WebProg\\AmazingE-Grocery\\vendor\\laravel\\framework\\src\\Illuminate\\Pipeline\\Pipeline.php(128): Illuminate\\Routing\\Router->Illuminate\\Routing\\{closure}(Object(Illuminate\\Http\\Request))
#10 D:\\Bina Nusantara\\Semester 5\\3. Web Programming\\Lec WP\\Final Exam WebProg\\AmazingE-Grocery\\vendor\\laravel\\framework\\src\\Illuminate\\Routing\\Middleware\\SubstituteBindings.php(50): Illuminate\\Pipeline\\Pipeline->Illuminate\\Pipeline\\{closure}(Object(Illuminate\\Http\\Request))
#11 D:\\Bina Nusantara\\Semester 5\\3. Web Programming\\Lec WP\\Final Exam WebProg\\AmazingE-Grocery\\vendor\\laravel\\framework\\src\\Illuminate\\Pipeline\\Pipeline.php(167): Illuminate\\Routing\\Middleware\\SubstituteBindings->handle(Object(Illuminate\\Http\\Request), Object(Closure))
#12 D:\\Bina Nusantara\\Semester 5\\3. Web Programming\\Lec WP\\Final Exam WebProg\\AmazingE-Grocery\\vendor\\laravel\\framework\\src\\Illuminate\\Foundation\\Http\\Middleware\\VerifyCsrfToken.php(78): Illuminate\\Pipeline\\Pipeline->Illuminate\\Pipeline\\{closure}(Object(Illuminate\\Http\\Request))
#13 D:\\Bina Nusantara\\Semester 5\\3. Web Programming\\Lec WP\\Final Exam WebProg\\AmazingE-Grocery\\vendor\\laravel\\framework\\src\\Illuminate\\Pipeline\\Pipeline.php(167): Illuminate\\Foundation\\Http\\Middleware\\VerifyCsrfToken->handle(Object(Illuminate\\Http\\Request), Object(Closure))
#14 D:\\Bina Nusantara\\Semester 5\\3. Web Programming\\Lec WP\\Final Exam WebProg\\AmazingE-Grocery\\vendor\\laravel\\framework\\src\\Illuminate\\View\\Middleware\\ShareErrorsFromSession.php(49): Illuminate\\Pipeline\\Pipeline->Illuminate\\Pipeline\\{closure}(Object(Illuminate\\Http\\Request))
#15 D:\\Bina Nusantara\\Semester 5\\3. Web Programming\\Lec WP\\Final Exam WebProg\\AmazingE-Grocery\\vendor\\laravel\\framework\\src\\Illuminate\\Pipeline\\Pipeline.php(167): Illuminate\\View\\Middleware\\ShareErrorsFromSession->handle(Object(Illuminate\\Http\\Request), Object(Closure))
#16 D:\\Bina Nusantara\\Semester 5\\3. Web Programming\\Lec WP\\Final Exam WebProg\\AmazingE-Grocery\\vendor\\laravel\\framework\\src\\Illuminate\\Session\\Middleware\\StartSession.php(121): Illuminate\\Pipeline\\Pipeline->Illuminate\\Pipeline\\{closure}(Object(Illuminate\\Http\\Request))
#17 D:\\Bina Nusantara\\Semester 5\\3. Web Programming\\Lec WP\\Final Exam WebProg\\AmazingE-Grocery\\vendor\\laravel\\framework\\src\\Illuminate\\Session\\Middleware\\StartSession.php(64): Illuminate\\Session\\Middleware\\StartSession->handleStatefulRequest(Object(Illuminate\\Http\\Request), Object(Illuminate\\Session\\Store), Object(Closure))
#18 D:\\Bina Nusantara\\Semester 5\\3. Web Programming\\Lec WP\\Final Exam WebProg\\AmazingE-Grocery\\vendor\\laravel\\framework\\src\\Illuminate\\Pipeline\\Pipeline.php(167): Illuminate\\Session\\Middleware\\StartSession->handle(Object(Illuminate\\Http\\Request), Object(Closure))
#19 D:\\Bina Nusantara\\Semester 5\\3. Web Programming\\Lec WP\\Final Exam WebProg\\AmazingE-Grocery\\vendor\\laravel\\framework\\src\\Illuminate\\Cookie\\Middleware\\AddQueuedCookiesToResponse.php(37): Illuminate\\Pipeline\\Pipeline->Illuminate\\Pipeline\\{closure}(Object(Illuminate\\Http\\Request))
#20 D:\\Bina Nusantara\\Semester 5\\3. Web Programming\\Lec WP\\Final Exam WebProg\\AmazingE-Grocery\\vendor\\laravel\\framework\\src\\Illuminate\\Pipeline\\Pipeline.php(167): Illuminate\\Cookie\\Middleware\\AddQueuedCookiesToResponse->handle(Object(Illuminate\\Http\\Request), Object(Closure))
#21 D:\\Bina Nusantara\\Semester 5\\3. Web Programming\\Lec WP\\Final Exam WebProg\\AmazingE-Grocery\\vendor\\laravel\\framework\\src\\Illuminate\\Cookie\\Middleware\\EncryptCookies.php(67): Illuminate\\Pipeline\\Pipeline->Illuminate\\Pipeline\\{closure}(Object(Illuminate\\Http\\Request))
#22 D:\\Bina Nusantara\\Semester 5\\3. Web Programming\\Lec WP\\Final Exam WebProg\\AmazingE-Grocery\\vendor\\laravel\\framework\\src\\Illuminate\\Pipeline\\Pipeline.php(167): Illuminate\\Cookie\\Middleware\\EncryptCookies->handle(Object(Illuminate\\Http\\Request), Object(Closure))
#23 D:\\Bina Nusantara\\Semester 5\\3. Web Programming\\Lec WP\\Final Exam WebProg\\AmazingE-Grocery\\vendor\\laravel\\framework\\src\\Illuminate\\Pipeline\\Pipeline.php(103): Illuminate\\Pipeline\\Pipeline->Illuminate\\Pipeline\\{closure}(Object(Illuminate\\Http\\Request))
#24 D:\\Bina Nusantara\\Semester 5\\3. Web Programming\\Lec WP\\Final Exam WebProg\\AmazingE-Grocery\\vendor\\laravel\\framework\\src\\Illuminate\\Routing\\Router.php(723): Illuminate\\Pipeline\\Pipeline->then(Object(Closure))
#25 D:\\Bina Nusantara\\Semester 5\\3. Web Programming\\Lec WP\\Final Exam WebProg\\AmazingE-Grocery\\vendor\\laravel\\framework\\src\\Illuminate\\Routing\\Router.php(698): Illuminate\\Routing\\Router->runRouteWithinStack(Object(Illuminate\\Routing\\Route), Object(Illuminate\\Http\\Request))
#26 D:\\Bina Nusantara\\Semester 5\\3. Web Programming\\Lec WP\\Final Exam WebProg\\AmazingE-Grocery\\vendor\\laravel\\framework\\src\\Illuminate\\Routing\\Router.php(662): Illuminate\\Routing\\Router->runRoute(Object(Illuminate\\Http\\Request), Object(Illuminate\\Routing\\Route))
#27 D:\\Bina Nusantara\\Semester 5\\3. Web Programming\\Lec WP\\Final Exam WebProg\\AmazingE-Grocery\\vendor\\laravel\\framework\\src\\Illuminate\\Routing\\Router.php(651): Illuminate\\Routing\\Router->dispatchToRoute(Object(Illuminate\\Http\\Request))
#28 D:\\Bina Nusantara\\Semester 5\\3. Web Programming\\Lec WP\\Final Exam WebProg\\AmazingE-Grocery\\vendor\\laravel\\framework\\src\\Illuminate\\Foundation\\Http\\Kernel.php(167): Illuminate\\Routing\\Router->dispatch(Object(Illuminate\\Http\\Request))
#29 D:\\Bina Nusantara\\Semester 5\\3. Web Programming\\Lec WP\\Final Exam WebProg\\AmazingE-Grocery\\vendor\\laravel\\framework\\src\\Illuminate\\Pipeline\\Pipeline.php(128): Illuminate\\Foundation\\Http\\Kernel->Illuminate\\Foundation\\Http\\{closure}(Object(Illuminate\\Http\\Request))
#30 D:\\Bina Nusantara\\Semester 5\\3. Web Programming\\Lec WP\\Final Exam WebProg\\AmazingE-Grocery\\vendor\\laravel\\framework\\src\\Illuminate\\Foundation\\Http\\Middleware\\TransformsRequest.php(21): Illuminate\\Pipeline\\Pipeline->Illuminate\\Pipeline\\{closure}(Object(Illuminate\\Http\\Request))
#31 D:\\Bina Nusantara\\Semester 5\\3. Web Programming\\Lec WP\\Final Exam WebProg\\AmazingE-Grocery\\vendor\\laravel\\framework\\src\\Illuminate\\Foundation\\Http\\Middleware\\ConvertEmptyStringsToNull.php(31): Illuminate\\Foundation\\Http\\Middleware\\TransformsRequest->handle(Object(Illuminate\\Http\\Request), Object(Closure))
#32 D:\\Bina Nusantara\\Semester 5\\3. Web Programming\\Lec WP\\Final Exam WebProg\\AmazingE-Grocery\\vendor\\laravel\\framework\\src\\Illuminate\\Pipeline\\Pipeline.php(167): Illuminate\\Foundation\\Http\\Middleware\\ConvertEmptyStringsToNull->handle(Object(Illuminate\\Http\\Request), Object(Closure))
#33 D:\\Bina Nusantara\\Semester 5\\3. Web Programming\\Lec WP\\Final Exam WebProg\\AmazingE-Grocery\\vendor\\laravel\\framework\\src\\Illuminate\\Foundation\\Http\\Middleware\\TransformsRequest.php(21): Illuminate\\Pipeline\\Pipeline->Illuminate\\Pipeline\\{closure}(Object(Illuminate\\Http\\Request))
#34 D:\\Bina Nusantara\\Semester 5\\3. Web Programming\\Lec WP\\Final Exam WebProg\\AmazingE-Grocery\\vendor\\laravel\\framework\\src\\Illuminate\\Foundation\\Http\\Middleware\\TrimStrings.php(40): Illuminate\\Foundation\\Http\\Middleware\\TransformsRequest->handle(Object(Illuminate\\Http\\Request), Object(Closure))
#35 D:\\Bina Nusantara\\Semester 5\\3. Web Programming\\Lec WP\\Final Exam WebProg\\AmazingE-Grocery\\vendor\\laravel\\framework\\src\\Illuminate\\Pipeline\\Pipeline.php(167): Illuminate\\Foundation\\Http\\Middleware\\TrimStrings->handle(Object(Illuminate\\Http\\Request), Object(Closure))
#36 D:\\Bina Nusantara\\Semester 5\\3. Web Programming\\Lec WP\\Final Exam WebProg\\AmazingE-Grocery\\vendor\\laravel\\framework\\src\\Illuminate\\Foundation\\Http\\Middleware\\ValidatePostSize.php(27): Illuminate\\Pipeline\\Pipeline->Illuminate\\Pipeline\\{closure}(Object(Illuminate\\Http\\Request))
#37 D:\\Bina Nusantara\\Semester 5\\3. Web Programming\\Lec WP\\Final Exam WebProg\\AmazingE-Grocery\\vendor\\laravel\\framework\\src\\Illuminate\\Pipeline\\Pipeline.php(167): Illuminate\\Foundation\\Http\\Middleware\\ValidatePostSize->handle(Object(Illuminate\\Http\\Request), Object(Closure))
#38 D:\\Bina Nusantara\\Semester 5\\3. Web Programming\\Lec WP\\Final Exam WebProg\\AmazingE-Grocery\\vendor\\laravel\\framework\\src\\Illuminate\\Foundation\\Http\\Middleware\\PreventRequestsDuringMaintenance.php(86): Illuminate\\Pipeline\\Pipeline->Illuminate\\Pipeline\\{closure}(Object(Illuminate\\Http\\Request))
#39 D:\\Bina Nusantara\\Semester 5\\3. Web Programming\\Lec WP\\Final Exam WebProg\\AmazingE-Grocery\\vendor\\laravel\\framework\\src\\Illuminate\\Pipeline\\Pipeline.php(167): Illuminate\\Foundation\\Http\\Middleware\\PreventRequestsDuringMaintenance->handle(Object(Illuminate\\Http\\Request), Object(Closure))
#40 D:\\Bina Nusantara\\Semester 5\\3. Web Programming\\Lec WP\\Final Exam WebProg\\AmazingE-Grocery\\vendor\\fruitcake\\laravel-cors\\src\\HandleCors.php(38): Illuminate\\Pipeline\\Pipeline->Illuminate\\Pipeline\\{closure}(Object(Illuminate\\Http\\Request))
#41 D:\\Bina Nusantara\\Semester 5\\3. Web Programming\\Lec WP\\Final Exam WebProg\\AmazingE-Grocery\\vendor\\laravel\\framework\\src\\Illuminate\\Pipeline\\Pipeline.php(167): Fruitcake\\Cors\\HandleCors->handle(Object(Illuminate\\Http\\Request), Object(Closure))
#42 D:\\Bina Nusantara\\Semester 5\\3. Web Programming\\Lec WP\\Final Exam WebProg\\AmazingE-Grocery\\vendor\\laravel\\framework\\src\\Illuminate\\Http\\Middleware\\TrustProxies.php(39): Illuminate\\Pipeline\\Pipeline->Illuminate\\Pipeline\\{closure}(Object(Illuminate\\Http\\Request))
#43 D:\\Bina Nusantara\\Semester 5\\3. Web Programming\\Lec WP\\Final Exam WebProg\\AmazingE-Grocery\\vendor\\laravel\\framework\\src\\Illuminate\\Pipeline\\Pipeline.php(167): Illuminate\\Http\\Middleware\\TrustProxies->handle(Object(Illuminate\\Http\\Request), Object(Closure))
#44 D:\\Bina Nusantara\\Semester 5\\3. Web Programming\\Lec WP\\Final Exam WebProg\\AmazingE-Grocery\\vendor\\laravel\\framework\\src\\Illuminate\\Pipeline\\Pipeline.php(103): Illuminate\\Pipeline\\Pipeline->Illuminate\\Pipeline\\{closure}(Object(Illuminate\\Http\\Request))
#45 D:\\Bina Nusantara\\Semester 5\\3. Web Programming\\Lec WP\\Final Exam WebProg\\AmazingE-Grocery\\vendor\\laravel\\framework\\src\\Illuminate\\Foundation\\Http\\Kernel.php(142): Illuminate\\Pipeline\\Pipeline->then(Object(Closure))
#46 D:\\Bina Nusantara\\Semester 5\\3. Web Programming\\Lec WP\\Final Exam WebProg\\AmazingE-Grocery\\vendor\\laravel\\framework\\src\\Illuminate\\Foundation\\Http\\Kernel.php(111): Illuminate\\Foundation\\Http\\Kernel->sendRequestThroughRouter(Object(Illuminate\\Http\\Request))
#47 D:\\Bina Nusantara\\Semester 5\\3. Web Programming\\Lec WP\\Final Exam WebProg\\AmazingE-Grocery\\public\\index.php(52): Illuminate\\Foundation\\Http\\Kernel->handle(Object(Illuminate\\Http\\Request))
#48 D:\\Bina Nusantara\\Semester 5\\3. Web Programming\\Lec WP\\Final Exam WebProg\\AmazingE-Grocery\\server.php(21): require_once('D:\\\\Bina Nusanta...')
#49 {main}
"} 
[2023-02-09 00:13:17] local.ERROR: file_put_contents(C:\Users\brili\Downloads\AmazingE-Grocery\storage\framework/sessions/519SfZSIRYgeKrC2L5CWkAs7pOgVkIPYCqKbtINH): Failed to open stream: No such file or directory {"exception":"[object] (ErrorException(code: 0): file_put_contents(C:\\Users\\brili\\Downloads\\AmazingE-Grocery\\storage\\framework/sessions/519SfZSIRYgeKrC2L5CWkAs7pOgVkIPYCqKbtINH): Failed to open stream: No such file or directory at D:\\Bina Nusantara\\Semester 5\\3. Web Programming\\Lec WP\\Final Exam WebProg\\AmazingE-Grocery\\vendor\\laravel\\framework\\src\\Illuminate\\Filesystem\\Filesystem.php:187)
[stacktrace]
#0 [internal function]: Illuminate\\Foundation\\Bootstrap\\HandleExceptions->handleError(2, 'file_put_conten...', 'D:\\\\Bina Nusanta...', 187)
#1 D:\\Bina Nusantara\\Semester 5\\3. Web Programming\\Lec WP\\Final Exam WebProg\\AmazingE-Grocery\\vendor\\laravel\\framework\\src\\Illuminate\\Filesystem\\Filesystem.php(187): file_put_contents('C:\\\\Users\\\\brili\\\\...', 'a:3:{s:6:\"_toke...', 2)
#2 D:\\Bina Nusantara\\Semester 5\\3. Web Programming\\Lec WP\\Final Exam WebProg\\AmazingE-Grocery\\vendor\\laravel\\framework\\src\\Illuminate\\Session\\FileSessionHandler.php(95): Illuminate\\Filesystem\\Filesystem->put('C:\\\\Users\\\\brili\\\\...', 'a:3:{s:6:\"_toke...', true)
#3 D:\\Bina Nusantara\\Semester 5\\3. Web Programming\\Lec WP\\Final Exam WebProg\\AmazingE-Grocery\\vendor\\laravel\\framework\\src\\Illuminate\\Session\\Store.php(129): Illuminate\\Session\\FileSessionHandler->write('519SfZSIRYgeKrC...', 'a:3:{s:6:\"_toke...')
#4 D:\\Bina Nusantara\\Semester 5\\3. Web Programming\\Lec WP\\Final Exam WebProg\\AmazingE-Grocery\\vendor\\laravel\\framework\\src\\Illuminate\\Session\\Middleware\\StartSession.php(236): Illuminate\\Session\\Store->save()
#5 D:\\Bina Nusantara\\Semester 5\\3. Web Programming\\Lec WP\\Final Exam WebProg\\AmazingE-Grocery\\vendor\\laravel\\framework\\src\\Illuminate\\Session\\Middleware\\StartSession.php(130): Illuminate\\Session\\Middleware\\StartSession->saveSession(Object(Illuminate\\Http\\Request))
#6 D:\\Bina Nusantara\\Semester 5\\3. Web Programming\\Lec WP\\Final Exam WebProg\\AmazingE-Grocery\\vendor\\laravel\\framework\\src\\Illuminate\\Session\\Middleware\\StartSession.php(64): Illuminate\\Session\\Middleware\\StartSession->handleStatefulRequest(Object(Illuminate\\Http\\Request), Object(Illuminate\\Session\\Store), Object(Closure))
#7 D:\\Bina Nusantara\\Semester 5\\3. Web Programming\\Lec WP\\Final Exam WebProg\\AmazingE-Grocery\\vendor\\laravel\\framework\\src\\Illuminate\\Pipeline\\Pipeline.php(167): Illuminate\\Session\\Middleware\\StartSession->handle(Object(Illuminate\\Http\\Request), Object(Closure))
#8 D:\\Bina Nusantara\\Semester 5\\3. Web Programming\\Lec WP\\Final Exam WebProg\\AmazingE-Grocery\\vendor\\laravel\\framework\\src\\Illuminate\\Cookie\\Middleware\\AddQueuedCookiesToResponse.php(37): Illuminate\\Pipeline\\Pipeline->Illuminate\\Pipeline\\{closure}(Object(Illuminate\\Http\\Request))
#9 D:\\Bina Nusantara\\Semester 5\\3. Web Programming\\Lec WP\\Final Exam WebProg\\AmazingE-Grocery\\vendor\\laravel\\framework\\src\\Illuminate\\Pipeline\\Pipeline.php(167): Illuminate\\Cookie\\Middleware\\AddQueuedCookiesToResponse->handle(Object(Illuminate\\Http\\Request), Object(Closure))
#10 D:\\Bina Nusantara\\Semester 5\\3. Web Programming\\Lec WP\\Final Exam WebProg\\AmazingE-Grocery\\vendor\\laravel\\framework\\src\\Illuminate\\Cookie\\Middleware\\EncryptCookies.php(67): Illuminate\\Pipeline\\Pipeline->Illuminate\\Pipeline\\{closure}(Object(Illuminate\\Http\\Request))
#11 D:\\Bina Nusantara\\Semester 5\\3. Web Programming\\Lec WP\\Final Exam WebProg\\AmazingE-Grocery\\vendor\\laravel\\framework\\src\\Illuminate\\Pipeline\\Pipeline.php(167): Illuminate\\Cookie\\Middleware\\EncryptCookies->handle(Object(Illuminate\\Http\\Request), Object(Closure))
#12 D:\\Bina Nusantara\\Semester 5\\3. Web Programming\\Lec WP\\Final Exam WebProg\\AmazingE-Grocery\\vendor\\laravel\\framework\\src\\Illuminate\\Pipeline\\Pipeline.php(103): Illuminate\\Pipeline\\Pipeline->Illuminate\\Pipeline\\{closure}(Object(Illuminate\\Http\\Request))
#13 D:\\Bina Nusantara\\Semester 5\\3. Web Programming\\Lec WP\\Final Exam WebProg\\AmazingE-Grocery\\vendor\\laravel\\framework\\src\\Illuminate\\Routing\\Router.php(723): Illuminate\\Pipeline\\Pipeline->then(Object(Closure))
#14 D:\\Bina Nusantara\\Semester 5\\3. Web Programming\\Lec WP\\Final Exam WebProg\\AmazingE-Grocery\\vendor\\laravel\\framework\\src\\Illuminate\\Routing\\Router.php(698): Illuminate\\Routing\\Router->runRouteWithinStack(Object(Illuminate\\Routing\\Route), Object(Illuminate\\Http\\Request))
#15 D:\\Bina Nusantara\\Semester 5\\3. Web Programming\\Lec WP\\Final Exam WebProg\\AmazingE-Grocery\\vendor\\laravel\\framework\\src\\Illuminate\\Routing\\Router.php(662): Illuminate\\Routing\\Router->runRoute(Object(Illuminate\\Http\\Request), Object(Illuminate\\Routing\\Route))
#16 D:\\Bina Nusantara\\Semester 5\\3. Web Programming\\Lec WP\\Final Exam WebProg\\AmazingE-Grocery\\vendor\\laravel\\framework\\src\\Illuminate\\Routing\\Router.php(651): Illuminate\\Routing\\Router->dispatchToRoute(Object(Illuminate\\Http\\Request))
#17 D:\\Bina Nusantara\\Semester 5\\3. Web Programming\\Lec WP\\Final Exam WebProg\\AmazingE-Grocery\\vendor\\laravel\\framework\\src\\Illuminate\\Foundation\\Http\\Kernel.php(167): Illuminate\\Routing\\Router->dispatch(Object(Illuminate\\Http\\Request))
#18 D:\\Bina Nusantara\\Semester 5\\3. Web Programming\\Lec WP\\Final Exam WebProg\\AmazingE-Grocery\\vendor\\laravel\\framework\\src\\Illuminate\\Pipeline\\Pipeline.php(128): Illuminate\\Foundation\\Http\\Kernel->Illuminate\\Foundation\\Http\\{closure}(Object(Illuminate\\Http\\Request))
#19 D:\\Bina Nusantara\\Semester 5\\3. Web Programming\\Lec WP\\Final Exam WebProg\\AmazingE-Grocery\\vendor\\laravel\\framework\\src\\Illuminate\\Foundation\\Http\\Middleware\\TransformsRequest.php(21): Illuminate\\Pipeline\\Pipeline->Illuminate\\Pipeline\\{closure}(Object(Illuminate\\Http\\Request))
#20 D:\\Bina Nusantara\\Semester 5\\3. Web Programming\\Lec WP\\Final Exam WebProg\\AmazingE-Grocery\\vendor\\laravel\\framework\\src\\Illuminate\\Foundation\\Http\\Middleware\\ConvertEmptyStringsToNull.php(31): Illuminate\\Foundation\\Http\\Middleware\\TransformsRequest->handle(Object(Illuminate\\Http\\Request), Object(Closure))
#21 D:\\Bina Nusantara\\Semester 5\\3. Web Programming\\Lec WP\\Final Exam WebProg\\AmazingE-Grocery\\vendor\\laravel\\framework\\src\\Illuminate\\Pipeline\\Pipeline.php(167): Illuminate\\Foundation\\Http\\Middleware\\ConvertEmptyStringsToNull->handle(Object(Illuminate\\Http\\Request), Object(Closure))
#22 D:\\Bina Nusantara\\Semester 5\\3. Web Programming\\Lec WP\\Final Exam WebProg\\AmazingE-Grocery\\vendor\\laravel\\framework\\src\\Illuminate\\Foundation\\Http\\Middleware\\TransformsRequest.php(21): Illuminate\\Pipeline\\Pipeline->Illuminate\\Pipeline\\{closure}(Object(Illuminate\\Http\\Request))
#23 D:\\Bina Nusantara\\Semester 5\\3. Web Programming\\Lec WP\\Final Exam WebProg\\AmazingE-Grocery\\vendor\\laravel\\framework\\src\\Illuminate\\Foundation\\Http\\Middleware\\TrimStrings.php(40): Illuminate\\Foundation\\Http\\Middleware\\TransformsRequest->handle(Object(Illuminate\\Http\\Request), Object(Closure))
#24 D:\\Bina Nusantara\\Semester 5\\3. Web Programming\\Lec WP\\Final Exam WebProg\\AmazingE-Grocery\\vendor\\laravel\\framework\\src\\Illuminate\\Pipeline\\Pipeline.php(167): Illuminate\\Foundation\\Http\\Middleware\\TrimStrings->handle(Object(Illuminate\\Http\\Request), Object(Closure))
#25 D:\\Bina Nusantara\\Semester 5\\3. Web Programming\\Lec WP\\Final Exam WebProg\\AmazingE-Grocery\\vendor\\laravel\\framework\\src\\Illuminate\\Foundation\\Http\\Middleware\\ValidatePostSize.php(27): Illuminate\\Pipeline\\Pipeline->Illuminate\\Pipeline\\{closure}(Object(Illuminate\\Http\\Request))
#26 D:\\Bina Nusantara\\Semester 5\\3. Web Programming\\Lec WP\\Final Exam WebProg\\AmazingE-Grocery\\vendor\\laravel\\framework\\src\\Illuminate\\Pipeline\\Pipeline.php(167): Illuminate\\Foundation\\Http\\Middleware\\ValidatePostSize->handle(Object(Illuminate\\Http\\Request), Object(Closure))
#27 D:\\Bina Nusantara\\Semester 5\\3. Web Programming\\Lec WP\\Final Exam WebProg\\AmazingE-Grocery\\vendor\\laravel\\framework\\src\\Illuminate\\Foundation\\Http\\Middleware\\PreventRequestsDuringMaintenance.php(86): Illuminate\\Pipeline\\Pipeline->Illuminate\\Pipeline\\{closure}(Object(Illuminate\\Http\\Request))
#28 D:\\Bina Nusantara\\Semester 5\\3. Web Programming\\Lec WP\\Final Exam WebProg\\AmazingE-Grocery\\vendor\\laravel\\framework\\src\\Illuminate\\Pipeline\\Pipeline.php(167): Illuminate\\Foundation\\Http\\Middleware\\PreventRequestsDuringMaintenance->handle(Object(Illuminate\\Http\\Request), Object(Closure))
#29 D:\\Bina Nusantara\\Semester 5\\3. Web Programming\\Lec WP\\Final Exam WebProg\\AmazingE-Grocery\\vendor\\fruitcake\\laravel-cors\\src\\HandleCors.php(38): Illuminate\\Pipeline\\Pipeline->Illuminate\\Pipeline\\{closure}(Object(Illuminate\\Http\\Request))
#30 D:\\Bina Nusantara\\Semester 5\\3. Web Programming\\Lec WP\\Final Exam WebProg\\AmazingE-Grocery\\vendor\\laravel\\framework\\src\\Illuminate\\Pipeline\\Pipeline.php(167): Fruitcake\\Cors\\HandleCors->handle(Object(Illuminate\\Http\\Request), Object(Closure))
#31 D:\\Bina Nusantara\\Semester 5\\3. Web Programming\\Lec WP\\Final Exam WebProg\\AmazingE-Grocery\\vendor\\laravel\\framework\\src\\Illuminate\\Http\\Middleware\\TrustProxies.php(39): Illuminate\\Pipeline\\Pipeline->Illuminate\\Pipeline\\{closure}(Object(Illuminate\\Http\\Request))
#32 D:\\Bina Nusantara\\Semester 5\\3. Web Programming\\Lec WP\\Final Exam WebProg\\AmazingE-Grocery\\vendor\\laravel\\framework\\src\\Illuminate\\Pipeline\\Pipeline.php(167): Illuminate\\Http\\Middleware\\TrustProxies->handle(Object(Illuminate\\Http\\Request), Object(Closure))
#33 D:\\Bina Nusantara\\Semester 5\\3. Web Programming\\Lec WP\\Final Exam WebProg\\AmazingE-Grocery\\vendor\\laravel\\framework\\src\\Illuminate\\Pipeline\\Pipeline.php(103): Illuminate\\Pipeline\\Pipeline->Illuminate\\Pipeline\\{closure}(Object(Illuminate\\Http\\Request))
#34 D:\\Bina Nusantara\\Semester 5\\3. Web Programming\\Lec WP\\Final Exam WebProg\\AmazingE-Grocery\\vendor\\laravel\\framework\\src\\Illuminate\\Foundation\\Http\\Kernel.php(142): Illuminate\\Pipeline\\Pipeline->then(Object(Closure))
#35 D:\\Bina Nusantara\\Semester 5\\3. Web Programming\\Lec WP\\Final Exam WebProg\\AmazingE-Grocery\\vendor\\laravel\\framework\\src\\Illuminate\\Foundation\\Http\\Kernel.php(111): Illuminate\\Foundation\\Http\\Kernel->sendRequestThroughRouter(Object(Illuminate\\Http\\Request))
#36 D:\\Bina Nusantara\\Semester 5\\3. Web Programming\\Lec WP\\Final Exam WebProg\\AmazingE-Grocery\\public\\index.php(52): Illuminate\\Foundation\\Http\\Kernel->handle(Object(Illuminate\\Http\\Request))
#37 D:\\Bina Nusantara\\Semester 5\\3. Web Programming\\Lec WP\\Final Exam WebProg\\AmazingE-Grocery\\server.php(21): require_once('D:\\\\Bina Nusanta...')
#38 {main}
"} 
